<?xml version="1.0" encoding="UTF-8"?>
<!-- Generated by org.testng.reporters.JUnitXMLReporter -->
<testsuite ignored="1" hostname="LAPTOP-SSRQBIMK" failures="0" tests="5" name="Default test" time="0.071" errors="0" timestamp="2025-01-21T10:09:10 IST">
  <testcase classname="com.AttributesinTest.AttributesInTest" name="alwayRun" time="0.01"/>
  <testcase classname="com.AttributesinTest.AttributesInTest" name="enableTrue" time="0.002"/>
  <testcase classname="com.AttributesinTest.AttributesInTest" name="innvocationcount" time="0.002"/>
  <testcase classname="com.AttributesinTest.AttributesInTest" name="innvocationcount" time="0.002"/>
  <testcase classname="com.AttributesinTest.AttributesInTest" name="m1" time="0.002"/>
  <testcase classname="com.AttributesinTest.AttributesInTest" name="enableFalse" time="0.0">
    <ignored/>
  </testcase> <!-- enableFalse -->
</testsuite> <!-- Default test -->
