<?xml version="1.0" encoding="UTF-8"?>
<testng-results ignored="0" total="2" passed="2" failed="0" skipped="0">
  <reporter-output>
  </reporter-output>
  <suite started-at="2025-01-02T10:00:07 IST" name="Default suite" finished-at="2025-01-02T10:00:07 IST" duration-ms="61">
    <groups>
    </groups>
    <test started-at="2025-01-02T10:00:07 IST" name="Default test" finished-at="2025-01-02T10:00:07 IST" duration-ms="61">
      <class name="com.test.TestNG.TestNGAnnotationsTest">
        <test-method is-config="true" signature="beforesuite()[pri:0, instance:com.test.TestNG.TestNGAnnotationsTest@279fedbd]" started-at="2025-01-02T10:00:07 IST" name="beforesuite" finished-at="2025-01-02T10:00:07 IST" duration-ms="9" status="PASS">
          <reporter-output>
          </reporter-output>
        </test-method> <!-- beforesuite -->
        <test-method is-config="true" signature="beforeTest()[pri:0, instance:com.test.TestNG.TestNGAnnotationsTest@279fedbd]" started-at="2025-01-02T10:00:07 IST" name="beforeTest" finished-at="2025-01-02T10:00:07 IST" duration-ms="1" status="PASS">
          <reporter-output>
          </reporter-output>
        </test-method> <!-- beforeTest -->
        <test-method is-config="true" signature="beforeClass()[pri:0, instance:com.test.TestNG.TestNGAnnotationsTest@279fedbd]" started-at="2025-01-02T10:00:07 IST" name="beforeClass" finished-at="2025-01-02T10:00:07 IST" duration-ms="0" status="PASS">
          <reporter-output>
          </reporter-output>
        </test-method> <!-- beforeClass -->
        <test-method is-config="true" signature="beforeMethod()[pri:0, instance:com.test.TestNG.TestNGAnnotationsTest@279fedbd]" started-at="2025-01-02T10:00:07 IST" name="beforeMethod" finished-at="2025-01-02T10:00:07 IST" duration-ms="1" status="PASS">
          <reporter-output>
          </reporter-output>
        </test-method> <!-- beforeMethod -->
        <test-method signature="test()[pri:0, instance:com.test.TestNG.TestNGAnnotationsTest@279fedbd]" started-at="2025-01-02T10:00:07 IST" name="test" finished-at="2025-01-02T10:00:07 IST" duration-ms="8" status="PASS">
          <reporter-output>
          </reporter-output>
        </test-method> <!-- test -->
        <test-method is-config="true" signature="afterMethod()[pri:0, instance:com.test.TestNG.TestNGAnnotationsTest@279fedbd]" started-at="2025-01-02T10:00:07 IST" name="afterMethod" finished-at="2025-01-02T10:00:07 IST" duration-ms="1" status="PASS">
          <reporter-output>
          </reporter-output>
        </test-method> <!-- afterMethod -->
        <test-method is-config="true" signature="beforeMethod()[pri:0, instance:com.test.TestNG.TestNGAnnotationsTest@279fedbd]" started-at="2025-01-02T10:00:07 IST" name="beforeMethod" finished-at="2025-01-02T10:00:07 IST" duration-ms="0" status="PASS">
          <reporter-output>
          </reporter-output>
        </test-method> <!-- beforeMethod -->
        <test-method signature="test2()[pri:0, instance:com.test.TestNG.TestNGAnnotationsTest@279fedbd]" started-at="2025-01-02T10:00:07 IST" name="test2" finished-at="2025-01-02T10:00:07 IST" duration-ms="2" status="PASS">
          <reporter-output>
          </reporter-output>
        </test-method> <!-- test2 -->
        <test-method is-config="true" signature="afterMethod()[pri:0, instance:com.test.TestNG.TestNGAnnotationsTest@279fedbd]" started-at="2025-01-02T10:00:07 IST" name="afterMethod" finished-at="2025-01-02T10:00:07 IST" duration-ms="1" status="PASS">
          <reporter-output>
          </reporter-output>
        </test-method> <!-- afterMethod -->
        <test-method is-config="true" signature="afterClass()[pri:0, instance:com.test.TestNG.TestNGAnnotationsTest@279fedbd]" started-at="2025-01-02T10:00:07 IST" name="afterClass" finished-at="2025-01-02T10:00:07 IST" duration-ms="0" status="PASS">
          <reporter-output>
          </reporter-output>
        </test-method> <!-- afterClass -->
        <test-method is-config="true" signature="afterTest()[pri:0, instance:com.test.TestNG.TestNGAnnotationsTest@279fedbd]" started-at="2025-01-02T10:00:07 IST" name="afterTest" finished-at="2025-01-02T10:00:07 IST" duration-ms="0" status="PASS">
          <reporter-output>
          </reporter-output>
        </test-method> <!-- afterTest -->
        <test-method is-config="true" signature="afterSuite()[pri:0, instance:com.test.TestNG.TestNGAnnotationsTest@279fedbd]" started-at="2025-01-02T10:00:08 IST" name="afterSuite" finished-at="2025-01-02T10:00:08 IST" duration-ms="0" status="PASS">
          <reporter-output>
          </reporter-output>
        </test-method> <!-- afterSuite -->
      </class> <!-- com.test.TestNG.TestNGAnnotationsTest -->
    </test> <!-- Default test -->
  </suite> <!-- Default suite -->
</testng-results>
