<?xml version="1.0" encoding="UTF-8"?>
<testng-results ignored="0" total="5" passed="5" failed="0" skipped="0">
  <reporter-output>
  </reporter-output>
  <suite started-at="2025-01-21T10:09:10 IST" name="Default suite" finished-at="2025-01-21T10:09:10 IST" duration-ms="71">
    <groups>
    </groups>
    <test started-at="2025-01-21T10:09:10 IST" name="Default test" finished-at="2025-01-21T10:09:10 IST" duration-ms="71">
      <class name="com.AttributesinTest.AttributesInTest">
        <test-method signature="alwayRun()[pri:0, instance:com.AttributesinTest.AttributesInTest@22555ebf]" started-at="2025-01-21T10:09:10 IST" name="alwayRun" finished-at="2025-01-21T10:09:10 IST" duration-ms="10" status="PASS">
          <reporter-output>
          </reporter-output>
        </test-method> <!-- alwayRun -->
        <test-method signature="enableTrue()[pri:0, instance:com.AttributesinTest.AttributesInTest@22555ebf]" started-at="2025-01-21T10:09:10 IST" name="enableTrue" finished-at="2025-01-21T10:09:10 IST" duration-ms="2" status="PASS">
          <reporter-output>
          </reporter-output>
        </test-method> <!-- enableTrue -->
        <test-method signature="innvocationcount()[pri:0, instance:com.AttributesinTest.AttributesInTest@22555ebf]" started-at="2025-01-21T10:09:10 IST" name="innvocationcount" finished-at="2025-01-21T10:09:10 IST" duration-ms="2" status="PASS">
          <reporter-output>
          </reporter-output>
        </test-method> <!-- innvocationcount -->
        <test-method signature="innvocationcount()[pri:0, instance:com.AttributesinTest.AttributesInTest@22555ebf]" started-at="2025-01-21T10:09:10 IST" name="innvocationcount" finished-at="2025-01-21T10:09:10 IST" duration-ms="2" status="PASS">
          <reporter-output>
          </reporter-output>
        </test-method> <!-- innvocationcount -->
        <test-method signature="m1()[pri:0, instance:com.AttributesinTest.AttributesInTest@22555ebf]" started-at="2025-01-21T10:09:10 IST" name="m1" finished-at="2025-01-21T10:09:10 IST" duration-ms="2" status="PASS">
          <reporter-output>
          </reporter-output>
        </test-method> <!-- m1 -->
      </class> <!-- com.AttributesinTest.AttributesInTest -->
    </test> <!-- Default test -->
  </suite> <!-- Default suite -->
</testng-results>
