<?xml version="1.0" encoding="UTF-8"?>
<!-- Generated by org.testng.reporters.JUnitReportReporter -->
<testsuite hostname="LAPTOP-SSRQBIMK" failures="0" tests="6" name="com.AttributesinTest.AttributesInTest" time="0.018" errors="0" timestamp="2025-01-21T10:09:10 IST" skipped="1">
  <testcase classname="com.AttributesinTest.AttributesInTest" name="m1" time="0.002"/>
  <testcase classname="com.AttributesinTest.AttributesInTest" name="enableTrue" time="0.002"/>
  <testcase classname="com.AttributesinTest.AttributesInTest" name="innvocationcount" time="0.002"/>
  <testcase classname="com.AttributesinTest.AttributesInTest" name="innvocationcount" time="0.002"/>
  <testcase classname="com.AttributesinTest.AttributesInTest" name="alwayRun" time="0.010"/>
  <testcase classname="com.AttributesinTest.AttributesInTest" name="enableFalse">
    <skipped/>
  </testcase> <!-- enableFalse -->
</testsuite> <!-- com.AttributesinTest.AttributesInTest -->
