<?xml version="1.0" encoding="UTF-8"?>
<!-- Generated by org.testng.reporters.JUnitReportReporter -->
<testsuite hostname="LAPTOP-SSRQBIMK" failures="0" tests="2" name="com.test.TestNG.TestNGAnnotationsTest" time="0.030" errors="0" timestamp="2025-01-18T10:50:21 IST" skipped="0">
  <testcase classname="com.test.TestNG.TestNGAnnotationsTest" name="test" time="0.027"/>
  <testcase classname="com.test.TestNG.TestNGAnnotationsTest" name="test2" time="0.003"/>
</testsuite> <!-- com.test.TestNG.TestNGAnnotationsTest -->
